2018-04-16 17:21:34.378  INFO 14048 --- [main] portals.ExtractMetaFromArticleSpec       : Starting ExtractMetaFromArticleSpec on MartinPC with PID 14048 (started by Martin in C:\DiplomovaPrace)
2018-04-16 17:21:34.379  INFO 14048 --- [main] portals.ExtractMetaFromArticleSpec       : No active profile set, falling back to default profiles: default
2018-04-16 17:21:34.479  INFO 14048 --- [main] o.s.w.c.s.GenericWebApplicationContext   : Refreshing org.springframework.web.context.support.GenericWebApplicationContext@222eb8aa: startup date [Mon Apr 16 17:21:34 CEST 2018]; root of context hierarchy
2018-04-16 17:21:48.336  INFO 14048 --- [main] j.LocalContainerEntityManagerFactoryBean : Building JPA container EntityManagerFactory for persistence unit 'default'
2018-04-16 17:21:48.373  INFO 14048 --- [main] o.hibernate.jpa.internal.util.LogHelper  : HHH000204: Processing PersistenceUnitInfo [
	name: default
	...]
2018-04-16 17:21:48.501  INFO 14048 --- [main] org.hibernate.Version                    : HHH000412: Hibernate Core {5.0.12.Final}
2018-04-16 17:21:48.503  INFO 14048 --- [main] org.hibernate.cfg.Environment            : HHH000206: hibernate.properties not found
2018-04-16 17:21:48.506  INFO 14048 --- [main] org.hibernate.cfg.Environment            : HHH000021: Bytecode provider name : javassist
2018-04-16 17:21:48.595  INFO 14048 --- [main] o.hibernate.annotations.common.Version   : HCANN000001: Hibernate Commons Annotations {5.0.1.Final}
2018-04-16 17:21:49.706  INFO 14048 --- [main] org.hibernate.dialect.Dialect            : HHH000400: Using dialect: org.hibernate.dialect.PostgreSQL94Dialect
2018-04-16 17:21:49.764  INFO 14048 --- [main] o.h.e.j.e.i.LobCreatorBuilderImpl        : HHH000422: Disabling contextual LOB creation as connection was null
2018-04-16 17:21:49.776  INFO 14048 --- [main] org.hibernate.type.BasicTypeRegistry     : HHH000270: Type registration [java.util.UUID] overrides previous : org.hibernate.type.UUIDBinaryType@e829999
2018-04-16 17:21:50.137  WARN 14048 --- [main] org.hibernate.orm.deprecation            : HHH90000014: Found use of deprecated [org.hibernate.id.SequenceGenerator] sequence-based id generator; use org.hibernate.id.enhanced.SequenceStyleGenerator instead.  See Hibernate Domain Model Mapping Guide for details.
2018-04-16 17:21:50.162  WARN 14048 --- [main] org.hibernate.orm.deprecation            : HHH90000014: Found use of deprecated [org.hibernate.id.SequenceHiLoGenerator] sequence-based id generator; use org.hibernate.id.enhanced.SequenceStyleGenerator instead.  See Hibernate Domain Model Mapping Guide for details.
2018-04-16 17:21:50.167  WARN 14048 --- [main] org.hibernate.orm.deprecation            : HHH90000014: Found use of deprecated [org.hibernate.id.SequenceGenerator] sequence-based id generator; use org.hibernate.id.enhanced.SequenceStyleGenerator instead.  See Hibernate Domain Model Mapping Guide for details.
2018-04-16 17:21:51.033  INFO 14048 --- [main] org.hibernate.tool.hbm2ddl.SchemaUpdate  : HHH000228: Running hbm2ddl schema update
2018-04-16 17:21:55.540  INFO 14048 --- [main] j.LocalContainerEntityManagerFactoryBean : Initialized JPA EntityManagerFactory for persistence unit 'default'
2018-04-16 17:21:55.908  INFO 14048 --- [main] o.h.h.i.QueryTranslatorFactoryInitiator  : HHH000397: Using ASTQueryTranslatorFactory
2018-04-16 17:21:57.027  INFO 14048 --- [main] s.w.s.m.m.a.RequestMappingHandlerAdapter : Looking for @ControllerAdvice: org.springframework.web.context.support.GenericWebApplicationContext@222eb8aa: startup date [Mon Apr 16 17:21:34 CEST 2018]; root of context hierarchy
2018-04-16 17:21:57.330  INFO 14048 --- [main] s.w.s.m.m.a.RequestMappingHandlerMapping : Mapped "{[/error]}" onto public org.springframework.http.ResponseEntity<java.util.Map<java.lang.String, java.lang.Object>> org.springframework.boot.autoconfigure.web.BasicErrorController.error(javax.servlet.http.HttpServletRequest)
2018-04-16 17:21:57.333  INFO 14048 --- [main] s.w.s.m.m.a.RequestMappingHandlerMapping : Mapped "{[/error],produces=[text/html]}" onto public org.springframework.web.servlet.ModelAndView org.springframework.boot.autoconfigure.web.BasicErrorController.errorHtml(javax.servlet.http.HttpServletRequest,javax.servlet.http.HttpServletResponse)
2018-04-16 17:21:57.382  INFO 14048 --- [main] o.s.w.s.handler.SimpleUrlHandlerMapping  : Mapped URL path [/webjars/**] onto handler of type [class org.springframework.web.servlet.resource.ResourceHttpRequestHandler]
2018-04-16 17:21:57.402  INFO 14048 --- [main] o.s.w.s.handler.SimpleUrlHandlerMapping  : Mapped URL path [/**] onto handler of type [class org.springframework.web.servlet.resource.ResourceHttpRequestHandler]
2018-04-16 17:21:57.542  INFO 14048 --- [main] o.s.w.s.handler.SimpleUrlHandlerMapping  : Mapped URL path [/**/favicon.ico] onto handler of type [class org.springframework.web.servlet.resource.ResourceHttpRequestHandler]
2018-04-16 17:21:57.748  INFO 14048 --- [main] oConfiguration$WelcomePageHandlerMapping : Adding welcome page: ServletContext resource [/index.html]
2018-04-16 17:21:58.325  INFO 14048 --- [main] s.a.ScheduledAnnotationBeanPostProcessor : No TaskScheduler/ScheduledExecutorService bean found for scheduled processing
2018-04-16 17:21:58.372  INFO 14048 --- [main] portals.ExtractMetaFromArticleSpec       : Started ExtractMetaFromArticleSpec in 24.582 seconds (JVM running for 27.469)
2018-04-16 17:21:58.689  INFO 14048 --- [Thread-3] o.s.w.c.s.GenericWebApplicationContext   : Closing org.springframework.web.context.support.GenericWebApplicationContext@222eb8aa: startup date [Mon Apr 16 17:21:34 CEST 2018]; root of context hierarchy
2018-04-16 17:21:58.702  INFO 14048 --- [Thread-3] j.LocalContainerEntityManagerFactoryBean : Closing JPA EntityManagerFactory for persistence unit 'default'
2018-04-16 17:25:10.252  INFO 8000 --- [main] portals.ExtractMetaFromArticleSpec       : Starting ExtractMetaFromArticleSpec on MartinPC with PID 8000 (started by Martin in C:\DiplomovaPrace)
2018-04-16 17:25:10.254  INFO 8000 --- [main] portals.ExtractMetaFromArticleSpec       : No active profile set, falling back to default profiles: default
2018-04-16 17:25:10.363  INFO 8000 --- [main] o.s.w.c.s.GenericWebApplicationContext   : Refreshing org.springframework.web.context.support.GenericWebApplicationContext@222eb8aa: startup date [Mon Apr 16 17:25:10 CEST 2018]; root of context hierarchy
2018-04-16 17:25:25.323  INFO 8000 --- [main] j.LocalContainerEntityManagerFactoryBean : Building JPA container EntityManagerFactory for persistence unit 'default'
2018-04-16 17:25:25.352  INFO 8000 --- [main] o.hibernate.jpa.internal.util.LogHelper  : HHH000204: Processing PersistenceUnitInfo [
	name: default
	...]
2018-04-16 17:25:25.468  INFO 8000 --- [main] org.hibernate.Version                    : HHH000412: Hibernate Core {5.0.12.Final}
2018-04-16 17:25:25.471  INFO 8000 --- [main] org.hibernate.cfg.Environment            : HHH000206: hibernate.properties not found
2018-04-16 17:25:25.473  INFO 8000 --- [main] org.hibernate.cfg.Environment            : HHH000021: Bytecode provider name : javassist
2018-04-16 17:25:25.540  INFO 8000 --- [main] o.hibernate.annotations.common.Version   : HCANN000001: Hibernate Commons Annotations {5.0.1.Final}
2018-04-16 17:25:26.158  INFO 8000 --- [main] org.hibernate.dialect.Dialect            : HHH000400: Using dialect: org.hibernate.dialect.PostgreSQL94Dialect
2018-04-16 17:25:26.201  INFO 8000 --- [main] o.h.e.j.e.i.LobCreatorBuilderImpl        : HHH000422: Disabling contextual LOB creation as connection was null
2018-04-16 17:25:26.203  INFO 8000 --- [main] org.hibernate.type.BasicTypeRegistry     : HHH000270: Type registration [java.util.UUID] overrides previous : org.hibernate.type.UUIDBinaryType@750a04ec
2018-04-16 17:25:26.439  WARN 8000 --- [main] org.hibernate.orm.deprecation            : HHH90000014: Found use of deprecated [org.hibernate.id.SequenceGenerator] sequence-based id generator; use org.hibernate.id.enhanced.SequenceStyleGenerator instead.  See Hibernate Domain Model Mapping Guide for details.
2018-04-16 17:25:26.443  WARN 8000 --- [main] org.hibernate.orm.deprecation            : HHH90000014: Found use of deprecated [org.hibernate.id.SequenceHiLoGenerator] sequence-based id generator; use org.hibernate.id.enhanced.SequenceStyleGenerator instead.  See Hibernate Domain Model Mapping Guide for details.
2018-04-16 17:25:26.447  WARN 8000 --- [main] org.hibernate.orm.deprecation            : HHH90000014: Found use of deprecated [org.hibernate.id.SequenceGenerator] sequence-based id generator; use org.hibernate.id.enhanced.SequenceStyleGenerator instead.  See Hibernate Domain Model Mapping Guide for details.
2018-04-16 17:25:26.851  INFO 8000 --- [main] org.hibernate.tool.hbm2ddl.SchemaUpdate  : HHH000228: Running hbm2ddl schema update
2018-04-16 17:25:31.229  INFO 8000 --- [main] j.LocalContainerEntityManagerFactoryBean : Initialized JPA EntityManagerFactory for persistence unit 'default'
2018-04-16 17:25:31.634  INFO 8000 --- [main] o.h.h.i.QueryTranslatorFactoryInitiator  : HHH000397: Using ASTQueryTranslatorFactory
2018-04-16 17:25:32.830  INFO 8000 --- [main] s.w.s.m.m.a.RequestMappingHandlerAdapter : Looking for @ControllerAdvice: org.springframework.web.context.support.GenericWebApplicationContext@222eb8aa: startup date [Mon Apr 16 17:25:10 CEST 2018]; root of context hierarchy
2018-04-16 17:25:32.952  INFO 8000 --- [main] s.w.s.m.m.a.RequestMappingHandlerMapping : Mapped "{[/error]}" onto public org.springframework.http.ResponseEntity<java.util.Map<java.lang.String, java.lang.Object>> org.springframework.boot.autoconfigure.web.BasicErrorController.error(javax.servlet.http.HttpServletRequest)
2018-04-16 17:25:32.957  INFO 8000 --- [main] s.w.s.m.m.a.RequestMappingHandlerMapping : Mapped "{[/error],produces=[text/html]}" onto public org.springframework.web.servlet.ModelAndView org.springframework.boot.autoconfigure.web.BasicErrorController.errorHtml(javax.servlet.http.HttpServletRequest,javax.servlet.http.HttpServletResponse)
2018-04-16 17:25:33.007  INFO 8000 --- [main] o.s.w.s.handler.SimpleUrlHandlerMapping  : Mapped URL path [/webjars/**] onto handler of type [class org.springframework.web.servlet.resource.ResourceHttpRequestHandler]
2018-04-16 17:25:33.009  INFO 8000 --- [main] o.s.w.s.handler.SimpleUrlHandlerMapping  : Mapped URL path [/**] onto handler of type [class org.springframework.web.servlet.resource.ResourceHttpRequestHandler]
2018-04-16 17:25:33.074  INFO 8000 --- [main] o.s.w.s.handler.SimpleUrlHandlerMapping  : Mapped URL path [/**/favicon.ico] onto handler of type [class org.springframework.web.servlet.resource.ResourceHttpRequestHandler]
2018-04-16 17:25:33.161  INFO 8000 --- [main] oConfiguration$WelcomePageHandlerMapping : Adding welcome page: ServletContext resource [/index.html]
2018-04-16 17:25:33.779  INFO 8000 --- [main] s.a.ScheduledAnnotationBeanPostProcessor : No TaskScheduler/ScheduledExecutorService bean found for scheduled processing
2018-04-16 17:25:33.816  INFO 8000 --- [main] portals.ExtractMetaFromArticleSpec       : Started ExtractMetaFromArticleSpec in 24.052 seconds (JVM running for 30.314)
2018-04-16 17:25:34.297  INFO 8000 --- [Thread-3] o.s.w.c.s.GenericWebApplicationContext   : Closing org.springframework.web.context.support.GenericWebApplicationContext@222eb8aa: startup date [Mon Apr 16 17:25:10 CEST 2018]; root of context hierarchy
2018-04-16 17:25:34.311  INFO 8000 --- [Thread-3] j.LocalContainerEntityManagerFactoryBean : Closing JPA EntityManagerFactory for persistence unit 'default'
2018-04-16 17:28:07.354  INFO 15304 --- [main] portals.ExtractMetaFromArticleSpec       : Starting ExtractMetaFromArticleSpec on MartinPC with PID 15304 (started by Martin in C:\DiplomovaPrace)
2018-04-16 17:28:07.368  INFO 15304 --- [main] portals.ExtractMetaFromArticleSpec       : No active profile set, falling back to default profiles: default
2018-04-16 17:28:07.478  INFO 15304 --- [main] o.s.w.c.s.GenericWebApplicationContext   : Refreshing org.springframework.web.context.support.GenericWebApplicationContext@222eb8aa: startup date [Mon Apr 16 17:28:07 CEST 2018]; root of context hierarchy
2018-04-16 17:28:24.473  INFO 15304 --- [main] j.LocalContainerEntityManagerFactoryBean : Building JPA container EntityManagerFactory for persistence unit 'default'
2018-04-16 17:28:24.514  INFO 15304 --- [main] o.hibernate.jpa.internal.util.LogHelper  : HHH000204: Processing PersistenceUnitInfo [
	name: default
	...]
2018-04-16 17:28:24.679  INFO 15304 --- [main] org.hibernate.Version                    : HHH000412: Hibernate Core {5.0.12.Final}
2018-04-16 17:28:24.681  INFO 15304 --- [main] org.hibernate.cfg.Environment            : HHH000206: hibernate.properties not found
2018-04-16 17:28:24.683  INFO 15304 --- [main] org.hibernate.cfg.Environment            : HHH000021: Bytecode provider name : javassist
2018-04-16 17:28:24.747  INFO 15304 --- [main] o.hibernate.annotations.common.Version   : HCANN000001: Hibernate Commons Annotations {5.0.1.Final}
2018-04-16 17:28:25.346  INFO 15304 --- [main] org.hibernate.dialect.Dialect            : HHH000400: Using dialect: org.hibernate.dialect.PostgreSQL94Dialect
2018-04-16 17:28:25.379  INFO 15304 --- [main] o.h.e.j.e.i.LobCreatorBuilderImpl        : HHH000422: Disabling contextual LOB creation as connection was null
2018-04-16 17:28:25.381  INFO 15304 --- [main] org.hibernate.type.BasicTypeRegistry     : HHH000270: Type registration [java.util.UUID] overrides previous : org.hibernate.type.UUIDBinaryType@49e2b3c5
2018-04-16 17:28:25.608  WARN 15304 --- [main] org.hibernate.orm.deprecation            : HHH90000014: Found use of deprecated [org.hibernate.id.SequenceGenerator] sequence-based id generator; use org.hibernate.id.enhanced.SequenceStyleGenerator instead.  See Hibernate Domain Model Mapping Guide for details.
2018-04-16 17:28:25.614  WARN 15304 --- [main] org.hibernate.orm.deprecation            : HHH90000014: Found use of deprecated [org.hibernate.id.SequenceHiLoGenerator] sequence-based id generator; use org.hibernate.id.enhanced.SequenceStyleGenerator instead.  See Hibernate Domain Model Mapping Guide for details.
2018-04-16 17:28:25.616  WARN 15304 --- [main] org.hibernate.orm.deprecation            : HHH90000014: Found use of deprecated [org.hibernate.id.SequenceGenerator] sequence-based id generator; use org.hibernate.id.enhanced.SequenceStyleGenerator instead.  See Hibernate Domain Model Mapping Guide for details.
2018-04-16 17:28:26.037  INFO 15304 --- [main] org.hibernate.tool.hbm2ddl.SchemaUpdate  : HHH000228: Running hbm2ddl schema update
2018-04-16 17:28:30.436  INFO 15304 --- [main] j.LocalContainerEntityManagerFactoryBean : Initialized JPA EntityManagerFactory for persistence unit 'default'
2018-04-16 17:28:30.993  INFO 15304 --- [main] o.h.h.i.QueryTranslatorFactoryInitiator  : HHH000397: Using ASTQueryTranslatorFactory
2018-04-16 17:28:33.214  INFO 15304 --- [main] s.w.s.m.m.a.RequestMappingHandlerAdapter : Looking for @ControllerAdvice: org.springframework.web.context.support.GenericWebApplicationContext@222eb8aa: startup date [Mon Apr 16 17:28:07 CEST 2018]; root of context hierarchy
2018-04-16 17:28:33.408  INFO 15304 --- [main] s.w.s.m.m.a.RequestMappingHandlerMapping : Mapped "{[/error]}" onto public org.springframework.http.ResponseEntity<java.util.Map<java.lang.String, java.lang.Object>> org.springframework.boot.autoconfigure.web.BasicErrorController.error(javax.servlet.http.HttpServletRequest)
2018-04-16 17:28:33.412  INFO 15304 --- [main] s.w.s.m.m.a.RequestMappingHandlerMapping : Mapped "{[/error],produces=[text/html]}" onto public org.springframework.web.servlet.ModelAndView org.springframework.boot.autoconfigure.web.BasicErrorController.errorHtml(javax.servlet.http.HttpServletRequest,javax.servlet.http.HttpServletResponse)
2018-04-16 17:28:33.464  INFO 15304 --- [main] o.s.w.s.handler.SimpleUrlHandlerMapping  : Mapped URL path [/webjars/**] onto handler of type [class org.springframework.web.servlet.resource.ResourceHttpRequestHandler]
2018-04-16 17:28:33.470  INFO 15304 --- [main] o.s.w.s.handler.SimpleUrlHandlerMapping  : Mapped URL path [/**] onto handler of type [class org.springframework.web.servlet.resource.ResourceHttpRequestHandler]
2018-04-16 17:28:33.749  INFO 15304 --- [main] o.s.w.s.handler.SimpleUrlHandlerMapping  : Mapped URL path [/**/favicon.ico] onto handler of type [class org.springframework.web.servlet.resource.ResourceHttpRequestHandler]
2018-04-16 17:28:34.091  INFO 15304 --- [main] oConfiguration$WelcomePageHandlerMapping : Adding welcome page: ServletContext resource [/index.html]
2018-04-16 17:28:35.409  INFO 15304 --- [main] s.a.ScheduledAnnotationBeanPostProcessor : No TaskScheduler/ScheduledExecutorService bean found for scheduled processing
2018-04-16 17:28:35.470  INFO 15304 --- [main] portals.ExtractMetaFromArticleSpec       : Started ExtractMetaFromArticleSpec in 28.74 seconds (JVM running for 31.799)
2018-04-16 17:28:36.185  INFO 15304 --- [Thread-3] o.s.w.c.s.GenericWebApplicationContext   : Closing org.springframework.web.context.support.GenericWebApplicationContext@222eb8aa: startup date [Mon Apr 16 17:28:07 CEST 2018]; root of context hierarchy
2018-04-16 17:28:36.203  INFO 15304 --- [Thread-3] j.LocalContainerEntityManagerFactoryBean : Closing JPA EntityManagerFactory for persistence unit 'default'
2018-04-16 17:34:49.908  INFO 5580 --- [main] portals.ExtractMetaFromArticleSpec       : Starting ExtractMetaFromArticleSpec on MartinPC with PID 5580 (started by Martin in C:\DiplomovaPrace)
2018-04-16 17:34:49.911  INFO 5580 --- [main] portals.ExtractMetaFromArticleSpec       : No active profile set, falling back to default profiles: default
2018-04-16 17:34:50.012  INFO 5580 --- [main] o.s.w.c.s.GenericWebApplicationContext   : Refreshing org.springframework.web.context.support.GenericWebApplicationContext@222eb8aa: startup date [Mon Apr 16 17:34:50 CEST 2018]; root of context hierarchy
2018-04-16 17:35:05.479  INFO 5580 --- [main] j.LocalContainerEntityManagerFactoryBean : Building JPA container EntityManagerFactory for persistence unit 'default'
2018-04-16 17:35:05.526  INFO 5580 --- [main] o.hibernate.jpa.internal.util.LogHelper  : HHH000204: Processing PersistenceUnitInfo [
	name: default
	...]
2018-04-16 17:35:05.678  INFO 5580 --- [main] org.hibernate.Version                    : HHH000412: Hibernate Core {5.0.12.Final}
2018-04-16 17:35:05.680  INFO 5580 --- [main] org.hibernate.cfg.Environment            : HHH000206: hibernate.properties not found
2018-04-16 17:35:05.682  INFO 5580 --- [main] org.hibernate.cfg.Environment            : HHH000021: Bytecode provider name : javassist
2018-04-16 17:35:05.761  INFO 5580 --- [main] o.hibernate.annotations.common.Version   : HCANN000001: Hibernate Commons Annotations {5.0.1.Final}
2018-04-16 17:35:06.334  INFO 5580 --- [main] org.hibernate.dialect.Dialect            : HHH000400: Using dialect: org.hibernate.dialect.PostgreSQL94Dialect
2018-04-16 17:35:06.367  INFO 5580 --- [main] o.h.e.j.e.i.LobCreatorBuilderImpl        : HHH000422: Disabling contextual LOB creation as connection was null
2018-04-16 17:35:06.370  INFO 5580 --- [main] org.hibernate.type.BasicTypeRegistry     : HHH000270: Type registration [java.util.UUID] overrides previous : org.hibernate.type.UUIDBinaryType@66fb45e5
2018-04-16 17:35:06.648  WARN 5580 --- [main] org.hibernate.orm.deprecation            : HHH90000014: Found use of deprecated [org.hibernate.id.SequenceGenerator] sequence-based id generator; use org.hibernate.id.enhanced.SequenceStyleGenerator instead.  See Hibernate Domain Model Mapping Guide for details.
2018-04-16 17:35:06.661  WARN 5580 --- [main] org.hibernate.orm.deprecation            : HHH90000014: Found use of deprecated [org.hibernate.id.SequenceHiLoGenerator] sequence-based id generator; use org.hibernate.id.enhanced.SequenceStyleGenerator instead.  See Hibernate Domain Model Mapping Guide for details.
2018-04-16 17:35:06.663  WARN 5580 --- [main] org.hibernate.orm.deprecation            : HHH90000014: Found use of deprecated [org.hibernate.id.SequenceGenerator] sequence-based id generator; use org.hibernate.id.enhanced.SequenceStyleGenerator instead.  See Hibernate Domain Model Mapping Guide for details.
2018-04-16 17:35:07.168  INFO 5580 --- [main] org.hibernate.tool.hbm2ddl.SchemaUpdate  : HHH000228: Running hbm2ddl schema update
2018-04-16 17:35:11.597  INFO 5580 --- [main] j.LocalContainerEntityManagerFactoryBean : Initialized JPA EntityManagerFactory for persistence unit 'default'
2018-04-16 17:35:12.324  INFO 5580 --- [main] o.h.h.i.QueryTranslatorFactoryInitiator  : HHH000397: Using ASTQueryTranslatorFactory
2018-04-16 17:35:14.740  INFO 5580 --- [main] s.w.s.m.m.a.RequestMappingHandlerAdapter : Looking for @ControllerAdvice: org.springframework.web.context.support.GenericWebApplicationContext@222eb8aa: startup date [Mon Apr 16 17:34:50 CEST 2018]; root of context hierarchy
2018-04-16 17:35:15.039  INFO 5580 --- [main] s.w.s.m.m.a.RequestMappingHandlerMapping : Mapped "{[/error]}" onto public org.springframework.http.ResponseEntity<java.util.Map<java.lang.String, java.lang.Object>> org.springframework.boot.autoconfigure.web.BasicErrorController.error(javax.servlet.http.HttpServletRequest)
2018-04-16 17:35:15.043  INFO 5580 --- [main] s.w.s.m.m.a.RequestMappingHandlerMapping : Mapped "{[/error],produces=[text/html]}" onto public org.springframework.web.servlet.ModelAndView org.springframework.boot.autoconfigure.web.BasicErrorController.errorHtml(javax.servlet.http.HttpServletRequest,javax.servlet.http.HttpServletResponse)
2018-04-16 17:35:15.096  INFO 5580 --- [main] o.s.w.s.handler.SimpleUrlHandlerMapping  : Mapped URL path [/webjars/**] onto handler of type [class org.springframework.web.servlet.resource.ResourceHttpRequestHandler]
2018-04-16 17:35:15.096  INFO 5580 --- [main] o.s.w.s.handler.SimpleUrlHandlerMapping  : Mapped URL path [/**] onto handler of type [class org.springframework.web.servlet.resource.ResourceHttpRequestHandler]
2018-04-16 17:35:15.171  INFO 5580 --- [main] o.s.w.s.handler.SimpleUrlHandlerMapping  : Mapped URL path [/**/favicon.ico] onto handler of type [class org.springframework.web.servlet.resource.ResourceHttpRequestHandler]
2018-04-16 17:35:15.292  INFO 5580 --- [main] oConfiguration$WelcomePageHandlerMapping : Adding welcome page: ServletContext resource [/index.html]
2018-04-16 17:35:16.180  INFO 5580 --- [main] s.a.ScheduledAnnotationBeanPostProcessor : No TaskScheduler/ScheduledExecutorService bean found for scheduled processing
2018-04-16 17:35:16.310  INFO 5580 --- [main] portals.ExtractMetaFromArticleSpec       : Started ExtractMetaFromArticleSpec in 27.387 seconds (JVM running for 31.476)
2018-04-16 17:35:16.977  INFO 5580 --- [Thread-3] o.s.w.c.s.GenericWebApplicationContext   : Closing org.springframework.web.context.support.GenericWebApplicationContext@222eb8aa: startup date [Mon Apr 16 17:34:50 CEST 2018]; root of context hierarchy
2018-04-16 17:35:17.054  INFO 5580 --- [Thread-3] j.LocalContainerEntityManagerFactoryBean : Closing JPA EntityManagerFactory for persistence unit 'default'
2018-04-16 17:38:22.630  INFO 14548 --- [main] portals.ExtractMetaFromArticleSpec       : Starting ExtractMetaFromArticleSpec on MartinPC with PID 14548 (started by Martin in C:\DiplomovaPrace)
2018-04-16 17:38:22.632  INFO 14548 --- [main] portals.ExtractMetaFromArticleSpec       : No active profile set, falling back to default profiles: default
2018-04-16 17:38:22.728  INFO 14548 --- [main] o.s.w.c.s.GenericWebApplicationContext   : Refreshing org.springframework.web.context.support.GenericWebApplicationContext@222eb8aa: startup date [Mon Apr 16 17:38:22 CEST 2018]; root of context hierarchy
2018-04-16 17:38:37.712  INFO 14548 --- [main] j.LocalContainerEntityManagerFactoryBean : Building JPA container EntityManagerFactory for persistence unit 'default'
2018-04-16 17:38:37.749  INFO 14548 --- [main] o.hibernate.jpa.internal.util.LogHelper  : HHH000204: Processing PersistenceUnitInfo [
	name: default
	...]
2018-04-16 17:38:37.888  INFO 14548 --- [main] org.hibernate.Version                    : HHH000412: Hibernate Core {5.0.12.Final}
2018-04-16 17:38:37.889  INFO 14548 --- [main] org.hibernate.cfg.Environment            : HHH000206: hibernate.properties not found
2018-04-16 17:38:37.894  INFO 14548 --- [main] org.hibernate.cfg.Environment            : HHH000021: Bytecode provider name : javassist
2018-04-16 17:38:37.970  INFO 14548 --- [main] o.hibernate.annotations.common.Version   : HCANN000001: Hibernate Commons Annotations {5.0.1.Final}
2018-04-16 17:38:38.878  INFO 14548 --- [main] org.hibernate.dialect.Dialect            : HHH000400: Using dialect: org.hibernate.dialect.PostgreSQL94Dialect
2018-04-16 17:38:38.920  INFO 14548 --- [main] o.h.e.j.e.i.LobCreatorBuilderImpl        : HHH000422: Disabling contextual LOB creation as connection was null
2018-04-16 17:38:38.930  INFO 14548 --- [main] org.hibernate.type.BasicTypeRegistry     : HHH000270: Type registration [java.util.UUID] overrides previous : org.hibernate.type.UUIDBinaryType@49e2b3c5
2018-04-16 17:38:39.535  WARN 14548 --- [main] org.hibernate.orm.deprecation            : HHH90000014: Found use of deprecated [org.hibernate.id.SequenceGenerator] sequence-based id generator; use org.hibernate.id.enhanced.SequenceStyleGenerator instead.  See Hibernate Domain Model Mapping Guide for details.
2018-04-16 17:38:39.543  WARN 14548 --- [main] org.hibernate.orm.deprecation            : HHH90000014: Found use of deprecated [org.hibernate.id.SequenceHiLoGenerator] sequence-based id generator; use org.hibernate.id.enhanced.SequenceStyleGenerator instead.  See Hibernate Domain Model Mapping Guide for details.
2018-04-16 17:38:39.546  WARN 14548 --- [main] org.hibernate.orm.deprecation            : HHH90000014: Found use of deprecated [org.hibernate.id.SequenceGenerator] sequence-based id generator; use org.hibernate.id.enhanced.SequenceStyleGenerator instead.  See Hibernate Domain Model Mapping Guide for details.
2018-04-16 17:38:40.083  INFO 14548 --- [main] org.hibernate.tool.hbm2ddl.SchemaUpdate  : HHH000228: Running hbm2ddl schema update
2018-04-16 17:38:45.124  INFO 14548 --- [main] j.LocalContainerEntityManagerFactoryBean : Initialized JPA EntityManagerFactory for persistence unit 'default'
2018-04-16 17:38:45.799  INFO 14548 --- [main] o.h.h.i.QueryTranslatorFactoryInitiator  : HHH000397: Using ASTQueryTranslatorFactory
2018-04-16 17:38:49.321  INFO 14548 --- [main] s.w.s.m.m.a.RequestMappingHandlerAdapter : Looking for @ControllerAdvice: org.springframework.web.context.support.GenericWebApplicationContext@222eb8aa: startup date [Mon Apr 16 17:38:22 CEST 2018]; root of context hierarchy
2018-04-16 17:38:49.722  INFO 14548 --- [main] s.w.s.m.m.a.RequestMappingHandlerMapping : Mapped "{[/error]}" onto public org.springframework.http.ResponseEntity<java.util.Map<java.lang.String, java.lang.Object>> org.springframework.boot.autoconfigure.web.BasicErrorController.error(javax.servlet.http.HttpServletRequest)
2018-04-16 17:38:49.728  INFO 14548 --- [main] s.w.s.m.m.a.RequestMappingHandlerMapping : Mapped "{[/error],produces=[text/html]}" onto public org.springframework.web.servlet.ModelAndView org.springframework.boot.autoconfigure.web.BasicErrorController.errorHtml(javax.servlet.http.HttpServletRequest,javax.servlet.http.HttpServletResponse)
2018-04-16 17:38:49.847  INFO 14548 --- [main] o.s.w.s.handler.SimpleUrlHandlerMapping  : Mapped URL path [/webjars/**] onto handler of type [class org.springframework.web.servlet.resource.ResourceHttpRequestHandler]
2018-04-16 17:38:49.860  INFO 14548 --- [main] o.s.w.s.handler.SimpleUrlHandlerMapping  : Mapped URL path [/**] onto handler of type [class org.springframework.web.servlet.resource.ResourceHttpRequestHandler]
2018-04-16 17:38:49.973  INFO 14548 --- [main] o.s.w.s.handler.SimpleUrlHandlerMapping  : Mapped URL path [/**/favicon.ico] onto handler of type [class org.springframework.web.servlet.resource.ResourceHttpRequestHandler]
2018-04-16 17:38:50.101  INFO 14548 --- [main] oConfiguration$WelcomePageHandlerMapping : Adding welcome page: ServletContext resource [/index.html]
2018-04-16 17:38:51.899  INFO 14548 --- [main] s.a.ScheduledAnnotationBeanPostProcessor : No TaskScheduler/ScheduledExecutorService bean found for scheduled processing
2018-04-16 17:38:52.056  INFO 14548 --- [main] portals.ExtractMetaFromArticleSpec       : Started ExtractMetaFromArticleSpec in 30.46 seconds (JVM running for 33.995)
2018-04-16 17:38:52.731  INFO 14548 --- [Thread-3] o.s.w.c.s.GenericWebApplicationContext   : Closing org.springframework.web.context.support.GenericWebApplicationContext@222eb8aa: startup date [Mon Apr 16 17:38:22 CEST 2018]; root of context hierarchy
2018-04-16 17:38:52.786  INFO 14548 --- [Thread-3] j.LocalContainerEntityManagerFactoryBean : Closing JPA EntityManagerFactory for persistence unit 'default'
